<?xml version="1.0" encoding="UTF-8"?>
<!-- Generated by org.testng.reporters.JUnitXMLReporter -->
<testsuite ignored="0" hostname="DESKTOP-C2I0Q31" failures="0" tests="3" name="Default test" time="439.119" errors="0" timestamp="17 Jul 2020 06:57:59 GMT">
  <testcase classname="com.pa.qa.testcases.HomePageTest" name="HomePageSlidesTest" time="69.085"/>
  <testcase classname="com.pa.qa.testcases.HomePageTest" name="HomePageArrivalsTest" time="29.558"/>
  <testcase classname="com.pa.qa.testcases.HomePageTest" name="HomePageNewArrivalsNavigateTest" time="65.655"/>
</testsuite> <!-- Default test -->
