<?xml version="1.0" encoding="UTF-8"?>
<!-- Generated by org.testng.reporters.JUnitXMLReporter -->
<testsuite hostname="STI-D01-YOGESHA" ignored="0" name="Free CRM App Test Cases" tests="1" failures="1" timestamp="24 Nov 2017 14:05:38 GMT" time="12.787" errors="0">
  <testcase name="HomePageTest_TC_0001" time="0.006" classname="com.pa.qa.testcases.HomePageTest1">
    <failure type="java.lang.NullPointerException">
      <![CDATA[java.lang.NullPointerException
	at com.pa.qa.testcases.HomePageTest1.HomePageTest_TC_0001(HomePageTest1.java:26)
... Removed 25 stack frames]]>
    </failure>
  </testcase> <!-- HomePageTest_TC_0001 -->
</testsuite> <!-- Free CRM App Test Cases -->
