<?xml version="1.0" encoding="UTF-8"?>
<testng-results skipped="0" failed="0" ignored="0" total="5" passed="5">
  <reporter-output>
  </reporter-output>
  <suite name="Default suite" duration-ms="130609" started-at="2017-12-01T07:30:47Z" finished-at="2017-12-01T07:32:58Z">
    <groups>
    </groups>
    <test name="Default test" duration-ms="130609" started-at="2017-12-01T07:30:47Z" finished-at="2017-12-01T07:32:58Z">
      <class name="com.pa.qa.testcases.LogInTest">
        <test-method status="PASS" signature="setUP()[pri:0, instance:com.pa.qa.testcases.LogInTest@61832929]" name="setUP" is-config="true" duration-ms="52567" started-at="2017-12-01T13:00:47Z" finished-at="2017-12-01T13:01:40Z">
          <reporter-output>
          </reporter-output>
        </test-method> <!-- setUP -->
        <test-method status="PASS" signature="LogInToApp(java.lang.String, java.lang.String)[pri:0, instance:com.pa.qa.testcases.LogInTest@61832929]" name="LogInToApp" duration-ms="50832" started-at="2017-12-01T13:01:45Z" data-provider="getLogInTestData" finished-at="2017-12-01T13:02:36Z">
          <params>
            <param index="0">
              <value>
                <![CDATA[NaveenK]]>
              </value>
            </param>
            <param index="1">
              <value>
                <![CDATA[Test123]]>
              </value>
            </param>
          </params>
          <reporter-output>
          </reporter-output>
        </test-method> <!-- LogInToApp -->
        <test-method status="PASS" signature="LogInToApp(java.lang.String, java.lang.String)[pri:0, instance:com.pa.qa.testcases.LogInTest@61832929]" name="LogInToApp" duration-ms="5639" started-at="2017-12-01T13:02:36Z" data-provider="getLogInTestData" finished-at="2017-12-01T13:02:41Z">
          <params>
            <param index="0">
              <value>
                <![CDATA[Yogesh]]>
              </value>
            </param>
            <param index="1">
              <value>
                <![CDATA[Test2145]]>
              </value>
            </param>
          </params>
          <reporter-output>
          </reporter-output>
        </test-method> <!-- LogInToApp -->
        <test-method status="PASS" signature="LogInToApp(java.lang.String, java.lang.String)[pri:0, instance:com.pa.qa.testcases.LogInTest@61832929]" name="LogInToApp" duration-ms="4881" started-at="2017-12-01T13:02:41Z" data-provider="getLogInTestData" finished-at="2017-12-01T13:02:46Z">
          <params>
            <param index="0">
              <value>
                <![CDATA[Yogesh123]]>
              </value>
            </param>
            <param index="1">
              <value>
                <![CDATA[Test2146]]>
              </value>
            </param>
          </params>
          <reporter-output>
          </reporter-output>
        </test-method> <!-- LogInToApp -->
        <test-method status="PASS" signature="LogInToApp(java.lang.String, java.lang.String)[pri:0, instance:com.pa.qa.testcases.LogInTest@61832929]" name="LogInToApp" duration-ms="7108" started-at="2017-12-01T13:02:46Z" data-provider="getLogInTestData" finished-at="2017-12-01T13:02:53Z">
          <params>
            <param index="0">
              <value>
                <![CDATA[Yogesh]]>
              </value>
            </param>
            <param index="1">
              <value>
                <![CDATA[Test2147]]>
              </value>
            </param>
          </params>
          <reporter-output>
          </reporter-output>
        </test-method> <!-- LogInToApp -->
        <test-method status="PASS" signature="LogInToApp(java.lang.String, java.lang.String)[pri:0, instance:com.pa.qa.testcases.LogInTest@61832929]" name="LogInToApp" duration-ms="3841" started-at="2017-12-01T13:02:53Z" data-provider="getLogInTestData" finished-at="2017-12-01T13:02:57Z">
          <params>
            <param index="0">
              <value>
                <![CDATA[Yogesh]]>
              </value>
            </param>
            <param index="1">
              <value>
                <![CDATA[Test2148]]>
              </value>
            </param>
          </params>
          <reporter-output>
          </reporter-output>
        </test-method> <!-- LogInToApp -->
        <test-method status="PASS" signature="tearsDown()[pri:0, instance:com.pa.qa.testcases.LogInTest@61832929]" name="tearsDown" is-config="true" duration-ms="737" started-at="2017-12-01T13:02:57Z" finished-at="2017-12-01T13:02:58Z">
          <reporter-output>
          </reporter-output>
        </test-method> <!-- tearsDown -->
      </class> <!-- com.pa.qa.testcases.LogInTest -->
    </test> <!-- Default test -->
  </suite> <!-- Default suite -->
</testng-results>
